Arguments: 
  D:\Program Files\nodejs\node.exe C:\Program Files (x86)\Yarn\bin\yarn.js add --dev @type/node

PATH: 
  C:\Users\75171\bin;D:\Program Files (x86)\Git\mingw64\bin;D:\Program Files (x86)\Git\usr\local\bin;D:\Program Files (x86)\Git\usr\bin;D:\Program Files (x86)\Git\usr\bin;D:\Program Files (x86)\Git\mingw64\bin;D:\Program Files (x86)\Git\usr\bin;C:\Users\75171\bin;C:\Program Files (x86)\Common Files\Oracle\Java\javapath;C:\Program Files (x86)\Intel\iCLS Client;C:\Program Files\Intel\iCLS Client;C:\windows\system32;C:\windows;C:\windows\System32\Wbem;C:\windows\System32\WindowsPowerShell\v1.0;C:\Program Files (x86)\Intel\Intel(R) Management Engine Components\DAL;C:\Program Files\Intel\Intel(R) Management Engine Components\DAL;C:\Program Files (x86)\Intel\Intel(R) Management Engine Components\IPT;C:\Program Files\Intel\Intel(R) Management Engine Components\IPT;C:\Program Files (x86)\NVIDIA Corporation\PhysX\Common;D:\Program Files (x86)\Git\cmd;D:\Program Files (x86)\Git\mingw64\bin;D:\Program Files (x86)\Git\usr\bin;C:\WINDOWS\system32;C:\WINDOWS;C:\WINDOWS\System32\Wbem;C:\WINDOWS\System32\WindowsPowerShell\v1.0;D:\Program Files\PuTTY;C:\WINDOWS\System32\OpenSSH;D:\Program Files (x86)\Microsoft VS Code\bin;C:\Users\75171\AppData\Local\Android\Sdk\platform-tools;C:\Program Files (x86)\Java\jdk1.8.0_201;C:\Program Files (x86)\Java\jre1.8.0_201;C:\Users\75171\AppData\Local\Android\Sdk\tools;C:\Program Files (x86)\Yarn\bin;C:\Program Files\NVIDIA Corporation\NVIDIA NvDLISR;D:\Program Files\nodejs;%SystemRoot%\system32;%SystemRoot%;%SystemRoot%\System32\Wbem;%SYSTEMROOT%\System32\WindowsPowerShell\v1.0;%SYSTEMROOT%\System32\OpenSSH;D:\Program Files (x86)\python\Scripts;D:\Program Files (x86)\python;C:\Users\75171\AppData\Local\Microsoft\WindowsApps;D:\Program Files (x86)\Microsoft VS Code\bin;D:\nodejs\npm_global_modules;D:\Program Files\JetBrains\WebStorm 2018.3.5\bin;C:\Users\75171\AppData\Local\Yarn\bin;C:\Users\75171\AppData\Roaming\npm;C:\Users\75171\AppData\Local\BypassRuntm;%USERPROFILE%\AppData\Local\Microsoft\WindowsApps;D:\Program Files (x86)\Git\usr\bin\vendor_perl;D:\Program Files (x86)\Git\usr\bin\core_perl

Yarn version: 
  1.13.0

Node version: 
  10.16.0

Platform: 
  win32 x64

Trace: 
  Error: http://registry.npm.taobao.org/@type%2fnode: Not found
      at Request.params.callback [as _callback] (C:\Program Files (x86)\Yarn\lib\cli.js:65364:18)
      at Request.self.callback (C:\Program Files (x86)\Yarn\lib\cli.js:129397:22)
      at Request.emit (events.js:198:13)
      at Request.<anonymous> (C:\Program Files (x86)\Yarn\lib\cli.js:130369:10)
      at Request.emit (events.js:198:13)
      at IncomingMessage.<anonymous> (C:\Program Files (x86)\Yarn\lib\cli.js:130291:12)
      at Object.onceWrapper (events.js:286:20)
      at IncomingMessage.emit (events.js:203:15)
      at endReadableNT (_stream_readable.js:1129:12)
      at process._tickCallback (internal/process/next_tick.js:63:19)

npm manifest: 
  {
    "name": "node-server",
    "version": "1.0.0",
    "main": "index.js",
    "license": "MIT",
    "devDependencies": {
      "node": "^13.3.0"
    }
  }

yarn manifest: 
  No manifest

Lockfile: 
  # THIS IS AN AUTOGENERATED FILE. DO NOT EDIT THIS FILE DIRECTLY.
  # yarn lockfile v1
  
  
  node-bin-setup@^1.0.0:
    version "1.0.6"
    resolved "https://registry.npm.taobao.org/node-bin-setup/download/node-bin-setup-1.0.6.tgz#4b5c9bb937ece702d7069b36ca78af4684677528"
    integrity sha1-S1ybuTfs5wLXBps2ynivRoRndSg=
  
  node@^13.3.0:
    version "13.3.0"
    resolved "https://registry.npm.taobao.org/node/download/node-13.3.0.tgz#bd5e39940d13da82234a8f08979526581d2916f6"
    integrity sha1-vV45lA0T2oIjSo8Il5UmWB0pFvY=
    dependencies:
      node-bin-setup "^1.0.0"
